INFO:root:nbins: 48       binwidth:      150 edge clip:      900
INFO:root:[['01:15:01' '01:17:30']
 ['01:25:01' '01:27:30']
 ['02:12:31' '02:15:00']
 ['00:15:01' '00:17:30']
 ['01:05:01' '01:07:30']
 ['01:55:01' '01:57:30']
 ['00:40:01' '00:42:30']
 ['01:27:31' '01:30:00']
 ['02:02:31' '02:05:00']
 ['00:20:01' '00:22:30']
 ['01:17:31' '01:20:00']
 ['01:50:01' '01:52:30']
 ['01:47:31' '01:50:00']
 ['00:52:31' '00:55:00']
 ['02:07:31' '02:10:00']
 ['01:32:31' '01:35:00']
 ['00:17:31' '00:20:00']
 ['01:22:31' '01:25:00']
 ['01:00:01' '01:02:30']
 ['01:45:01' '01:47:30']
 ['00:32:31' '00:35:00']
 ['02:00:01' '02:02:30']
 ['01:42:31' '01:45:00']
 ['01:40:01' '01:42:30']
 ['01:37:31' '01:40:00']
 ['00:25:01' '00:27:30']
 ['00:27:31' '00:30:00']
 ['01:35:01' '01:37:30']
 ['00:35:01' '00:37:30']
 ['00:22:31' '00:25:00']
 ['00:47:31' '00:50:00']
 ['01:12:31' '01:15:00']
 ['01:10:01' '01:12:30']
 ['01:52:31' '01:55:00']
 ['00:45:01' '00:47:30']
 ['00:30:01' '00:32:30']
 ['01:02:31' '01:05:00']
 ['00:55:01' '00:57:30']
 ['00:42:31' '00:45:00']
 ['00:37:31' '00:40:00']
 ['02:10:01' '02:12:30']
 ['02:05:01' '02:07:30']
 ['00:57:31' '01:00:00']
 ['00:50:01' '00:52:30']
 ['01:30:01' '01:32:30']
 ['01:57:31' '02:00:00']
 ['01:20:01' '01:22:30']
 ['01:07:31' '01:10:00']]
INFO:root:Corr: 1.0490341186523438 Start: 71         Stop: 82        
INFO:root:['01:25:01' '01:27:30']
INFO:root:Corr: 0.5274180769920349 Start: 58         Stop: 69        
INFO:root:['02:12:31' '02:15:00']
INFO:root:Corr: 1.1014622449874878 Start: -1         Stop: 10        
INFO:root:['00:15:01' '00:17:30']
INFO:root:Corr: 1.2247233390808105 Start: 36         Stop: 47        
INFO:root:['01:05:01' '01:07:30']
INFO:root:Corr: 1.1133389472961426 Start: 128        Stop: 139       
INFO:root:['01:55:01' '01:57:30']
INFO:root:Corr: 0.8026482462882996 Start: 13         Stop: 24        
INFO:root:['00:40:01' '00:42:30']
INFO:root:Corr: 1.0375616550445557 Start: 127        Stop: 138       
INFO:root:['01:27:31' '01:30:00']
INFO:root:Corr: 0.6404253840446472 Start: 10         Stop: 21        
INFO:root:['02:02:31' '02:05:00']
INFO:root:Corr: 0.8758969902992249 Start: 95         Stop: 106       
INFO:root:['00:20:01' '00:22:30']
INFO:root:Corr: 0.8110070824623108 Start: 10         Stop: 21        
INFO:root:['01:17:31' '01:20:00']
INFO:root:Corr: 1.1291382312774658 Start: 34         Stop: 45        
INFO:root:['01:50:01' '01:52:30']
INFO:root:Corr: 0.9156679511070251 Start: 40         Stop: 51        
INFO:root:['01:47:31' '01:50:00']
INFO:root:Peak: (92.2, 3.5e-01)
INFO:root:Not in ['00:52:31' '00:55:00']
INFO:root:Corr: 1.0971810817718506 Start: 39         Stop: 50        
INFO:root:['02:07:31' '02:10:00']
INFO:root:Corr: 0.7621192336082458 Start: 137        Stop: 148       
INFO:root:['01:32:31' '01:35:00']
INFO:root:Corr: 0.5068339109420776 Start: 78         Stop: 89        
INFO:root:['00:17:31' '00:20:00']
INFO:root:Corr: 0.9870044589042664 Start: 3          Stop: 14        
INFO:root:['01:22:31' '01:25:00']
INFO:root:Corr: 0.6454766988754272 Start: 41         Stop: 52        
INFO:root:['01:00:01' '01:02:30']
INFO:root:Corr: 0.7308057546615601 Start: 99         Stop: 110       
INFO:root:['01:45:01' '01:47:30']
INFO:root:Corr: 1.2333556413650513 Start: 78         Stop: 89        
INFO:root:['00:32:31' '00:35:00']
INFO:root:Peak: (89.3, 4.5e-01)
INFO:root:Not in ['02:00:01' '02:02:30']
INFO:root:Corr: 0.8549680113792419 Start: 111        Stop: 122       
INFO:root:['01:42:31' '01:45:00']
INFO:root:Corr: 1.714369535446167 Start: 117        Stop: 128       
INFO:root:['01:40:01' '01:42:30']
INFO:root:Corr: 0.7559384703636169 Start: 11         Stop: 22        
INFO:root:['01:37:31' '01:40:00']
INFO:root:Corr: 0.5128679275512695 Start: 121        Stop: 132       
INFO:root:['00:25:01' '00:27:30']
INFO:root:Corr: 0.7569068670272827 Start: 68         Stop: 79        
INFO:root:['00:27:31' '00:30:00']
INFO:root:Corr: 0.990556001663208 Start: 61         Stop: 72        
INFO:root:['01:35:01' '01:37:30']
INFO:root:Corr: 0.5514533519744873 Start: 104        Stop: 115       
INFO:root:['00:35:01' '00:37:30']
INFO:root:Corr: 0.7833577394485474 Start: 49         Stop: 60        
INFO:root:['00:22:31' '00:25:00']
INFO:root:Corr: 1.2036254405975342 Start: 17         Stop: 28        
INFO:root:['00:47:31' '00:50:00']
INFO:root:Corr: 0.8146132826805115 Start: 122        Stop: 133       
INFO:root:['01:12:31' '01:15:00']
INFO:root:Corr: 0.6184708476066589 Start: 130        Stop: 141       
INFO:root:['01:10:01' '01:12:30']
INFO:root:Corr: 0.7066101431846619 Start: 46         Stop: 57        
INFO:root:['01:52:31' '01:55:00']
INFO:root:Corr: 0.9532580375671387 Start: 91         Stop: 102       
INFO:root:['00:45:01' '00:47:30']
INFO:root:Corr: 0.5898919701576233 Start: 76         Stop: 87        
INFO:root:['00:30:01' '00:32:30']
INFO:root:Peak: (107.5, 4.6e-01)
INFO:root:Not in ['01:02:31' '01:05:00']
INFO:root:Peak: (97.8, 4.4e-01)
INFO:root:Not in ['00:55:01' '00:57:30']
INFO:root:Peak: (118.5, 4.9e-01)
INFO:root:Not in ['00:42:31' '00:45:00']
INFO:root:Peak: (86.5, 4.0e-01)
INFO:root:Not in ['00:37:31' '00:40:00']
INFO:root:Corr: 0.5195167660713196 Start: 24         Stop: 35        
INFO:root:['02:10:01' '02:12:30']
INFO:root:Corr: 0.536902904510498 Start: 40         Stop: 51        
INFO:root:['02:05:01' '02:07:30']
INFO:root:Peak: (137.7, 4.6e-01)
INFO:root:Not in ['00:57:31' '01:00:00']
INFO:root:Corr: 1.2087982892990112 Start: 25         Stop: 36        
INFO:root:['00:50:01' '00:52:30']
INFO:root:Corr: 1.4879361391067505 Start: 118        Stop: 129       
INFO:root:['01:30:01' '01:32:30']
INFO:root:Corr: 0.7205380797386169 Start: 78         Stop: 89        
INFO:root:['01:57:31' '02:00:00']
INFO:root:Corr: 1.499226450920105 Start: 98         Stop: 109       
INFO:root:['01:20:01' '01:22:30']
INFO:root:Peak: (40.4, 4.4e-01)
INFO:root:Not in ['01:07:31' '01:10:00']