INFO:root:nbins: 58       binwidth:      150 edge clip:      220
INFO:root:[['00:03:41' '00:06:10']
 ['00:06:11' '00:08:40']
 ['00:08:41' '00:11:10']
 ['00:11:11' '00:13:40']
 ['00:13:41' '00:16:10']
 ['00:16:11' '00:18:40']
 ['00:18:41' '00:21:10']
 ['00:21:11' '00:23:40']
 ['00:23:41' '00:26:10']
 ['00:26:11' '00:28:40']
 ['00:28:41' '00:31:10']
 ['00:31:11' '00:33:40']
 ['00:33:41' '00:36:10']
 ['00:36:11' '00:38:40']
 ['00:38:41' '00:41:10']
 ['00:41:11' '00:43:40']
 ['00:43:41' '00:46:10']
 ['00:46:11' '00:48:40']
 ['00:48:41' '00:51:10']
 ['00:51:11' '00:53:40']
 ['00:53:41' '00:56:10']
 ['00:56:11' '00:58:40']
 ['00:58:41' '01:01:10']
 ['01:01:11' '01:03:40']
 ['01:03:41' '01:06:10']
 ['01:06:11' '01:08:40']
 ['01:08:41' '01:11:10']
 ['01:11:11' '01:13:40']
 ['01:13:41' '01:16:10']
 ['01:16:11' '01:18:40']
 ['01:18:41' '01:21:10']
 ['01:21:11' '01:23:40']
 ['01:23:41' '01:26:10']
 ['01:26:11' '01:28:40']
 ['01:28:41' '01:31:10']
 ['01:31:11' '01:33:40']
 ['01:33:41' '01:36:10']
 ['01:36:11' '01:38:40']
 ['01:38:41' '01:41:10']
 ['01:41:11' '01:43:40']
 ['01:43:41' '01:46:10']
 ['01:46:11' '01:48:40']
 ['01:48:41' '01:51:10']
 ['01:51:11' '01:53:40']
 ['01:53:41' '01:56:10']
 ['01:56:11' '01:58:40']
 ['01:58:41' '02:01:10']
 ['02:01:11' '02:03:40']
 ['02:03:41' '02:06:10']
 ['02:06:11' '02:08:40']
 ['02:08:41' '02:11:10']
 ['02:11:11' '02:13:40']
 ['02:13:41' '02:16:10']
 ['02:16:11' '02:18:40']
 ['02:18:41' '02:21:10']
 ['02:21:11' '02:23:40']
 ['02:23:41' '02:26:10']
 ['02:26:11' '02:28:40']]
INFO:root:Comparing query and source audio...
INFO:root:Corr: 1.8121283054351807 Start: 47         Stop: 58        
INFO:root:['01:41:11' '01:43:40']
INFO:root:Corr: 0.981021523475647 Start: 40         Stop: 51        
INFO:root:['01:43:41' '01:46:10']
INFO:root:Corr: 0.94767826795578 Start: 29         Stop: 40        
INFO:root:['01:46:11' '01:48:40']
INFO:root:Corr: 1.023811936378479 Start: 114        Stop: 125       
INFO:root:['01:48:41' '01:51:10']
INFO:root:Corr: 0.662140965461731 Start: 126        Stop: 137       
INFO:root:['01:51:11' '01:53:40']
INFO:root:Corr: 0.6350469589233398 Start: 51         Stop: 62        
INFO:root:['01:53:41' '01:56:10']
INFO:root:Corr: 1.0777114629745483 Start: 58         Stop: 69        
INFO:root:['01:56:11' '01:58:40']
INFO:root:Corr: 0.7151864171028137 Start: 9          Stop: 20        
INFO:root:['01:58:41' '02:01:10']
INFO:root:Corr: 0.7145310640335083 Start: 90         Stop: 101       
INFO:root:['02:01:11' '02:03:40']
INFO:root:Peak: (130.1, 4.6e-01)
INFO:root:Not in ['02:03:41' '02:06:10']
INFO:root:Corr: 0.9050169587135315 Start: 119        Stop: 130       
INFO:root:['02:06:11' '02:08:40']
INFO:root:Peak: (113.3, 4.9e-01)
INFO:root:Not in ['02:08:41' '02:11:10']
INFO:root:Corr: 0.5333746671676636 Start: 47         Stop: 58        
INFO:root:['02:11:11' '02:13:40']
INFO:root:Corr: 0.6039205193519592 Start: 120        Stop: 131       
INFO:root:['02:13:41' '02:16:10']
INFO:root:Corr: 1.3417013883590698 Start: 32         Stop: 43        
INFO:root:['02:16:11' '02:18:40']
INFO:root:Corr: 0.5519572496414185 Start: 28         Stop: 39        
INFO:root:['02:18:41' '02:21:10']
INFO:root:Corr: 1.4825111627578735 Start: 41         Stop: 52        
INFO:root:['02:21:11' '02:23:40']
INFO:root:Corr: 0.6962133049964905 Start: 89         Stop: 100       
INFO:root:['02:23:41' '02:26:10']
INFO:root:Corr: 0.7466427087783813 Start: -1         Stop: 10        
INFO:root:['02:26:11' '02:28:40']
