INFO:root:[['02:07:31' '02:10:00']
 ['02:15:01' '02:17:30']
 ['01:55:01' '01:57:30']
 ['02:27:31' '02:30:00']
 ['01:42:31' '01:45:00']
 ['02:40:01' '02:42:30']
 ['01:30:01' '01:32:30']
 ['02:52:31' '02:55:00']
 ['01:17:31' '01:20:00']
 ['03:05:01' '03:07:30']
 ['01:05:01' '01:07:30']
 ['03:17:31' '03:20:00']
 ['00:52:31' '00:55:00']
 ['03:30:01' '03:32:30']
 ['00:40:01' '00:42:30']
 ['03:42:31' '03:45:00']
 ['00:27:31' '00:30:00']
 ['03:55:01' '03:57:30']
 ['02:10:01' '02:12:30']
 ['02:00:01' '02:02:30']
 ['02:22:31' '02:25:00']
 ['01:47:31' '01:50:00']
 ['02:35:01' '02:37:30']
 ['01:35:01' '01:37:30']
 ['02:47:31' '02:50:00']
 ['01:22:31' '01:25:00']
 ['03:00:01' '03:02:30']
 ['01:10:01' '01:12:30']
 ['03:12:31' '03:15:00']
 ['00:57:31' '01:00:00']
 ['03:25:01' '03:27:30']
 ['00:45:01' '00:47:30']
 ['03:37:31' '03:40:00']
 ['00:32:31' '00:35:00']
 ['03:50:01' '03:52:30']
 ['00:20:01' '00:22:30']
 ['02:05:01' '02:07:30']
 ['02:17:31' '02:20:00']
 ['01:52:31' '01:55:00']
 ['02:30:01' '02:32:30']
 ['01:40:01' '01:42:30']
 ['02:42:31' '02:45:00']
 ['01:27:31' '01:30:00']
 ['02:55:01' '02:57:30']
 ['01:15:01' '01:17:30']
 ['03:07:31' '03:10:00']
 ['01:02:31' '01:05:00']
 ['03:20:01' '03:22:30']
 ['00:50:01' '00:52:30']
 ['03:32:31' '03:35:00']
 ['00:37:31' '00:40:00']
 ['03:45:01' '03:47:30']
 ['00:25:01' '00:27:30']
 ['03:57:31' '04:00:00']
 ['02:12:31' '02:15:00']
 ['01:57:31' '02:00:00']
 ['02:25:01' '02:27:30']
 ['01:45:01' '01:47:30']
 ['02:37:31' '02:40:00']
 ['01:32:31' '01:35:00']
 ['02:50:01' '02:52:30']
 ['01:20:01' '01:22:30']
 ['03:02:31' '03:05:00']
 ['01:07:31' '01:10:00']
 ['03:15:01' '03:17:30']
 ['00:55:01' '00:57:30']
 ['03:27:31' '03:30:00']
 ['00:42:31' '00:45:00']
 ['03:40:01' '03:42:30']
 ['00:30:01' '00:32:30']
 ['03:52:31' '03:55:00']
 ['00:17:31' '00:20:00']
 ['02:02:31' '02:05:00']
 ['02:20:01' '02:22:30']
 ['01:50:01' '01:52:30']
 ['02:32:31' '02:35:00']
 ['01:37:31' '01:40:00']
 ['02:45:01' '02:47:30']
 ['01:25:01' '01:27:30']
 ['02:57:31' '03:00:00']
 ['01:12:31' '01:15:00']
 ['03:10:01' '03:12:30']
 ['01:00:01' '01:02:30']
 ['03:22:31' '03:25:00']
 ['00:47:31' '00:50:00']
 ['03:35:01' '03:37:30']
 ['00:35:01' '00:37:30']
 ['03:47:31' '03:50:00']
 ['00:22:31' '00:25:00']
 ['00:15:01' '00:17:30']]
INFO:root:Comparing query and source audio...
INFO:root:Corr: 0.6617266535758972 Start: 54         Stop: 63        
INFO:root:['02:15:01' '02:17:30']
INFO:root:Peak: (74.9, 4.1e-01)
INFO:root:Not in ['01:55:01' '01:57:30']
INFO:root:Corr: 0.9132976531982422 Start: 106        Stop: 115       
INFO:root:['02:27:31' '02:30:00']
INFO:root:Corr: 0.5450198650360107 Start: 104        Stop: 113       
INFO:root:['01:42:31' '01:45:00']
INFO:root:Peak: (24.2, 4.0e-01)
INFO:root:Not in ['02:40:01' '02:42:30']
INFO:root:Peak: (31.7, 3.6e-01)
INFO:root:Not in ['01:30:01' '01:32:30']
INFO:root:Peak: (111.2, 4.0e-01)
INFO:root:Not in ['02:52:31' '02:55:00']
INFO:root:Peak: (109.9, 3.6e-01)
INFO:root:Not in ['01:17:31' '01:20:00']
INFO:root:Peak: (16.7, 3.5e-01)
INFO:root:Not in ['03:05:01' '03:07:30']
INFO:root:Peak: (63.3, 4.3e-01)
INFO:root:Not in ['01:05:01' '01:07:30']
INFO:root:Corr: 0.5197732448577881 Start: 58         Stop: 67        
INFO:root:['03:17:31' '03:20:00']
INFO:root:Corr: 0.5759996771812439 Start: 46         Stop: 55        
INFO:root:['00:52:31' '00:55:00']
INFO:root:Peak: (34.9, 3.2e-01)
INFO:root:Not in ['03:30:01' '03:32:30']
INFO:root:Corr: 0.6145761609077454 Start: 103        Stop: 112       
INFO:root:['00:40:01' '00:42:30']
INFO:root:Peak: (33.0, 4.4e-01)
INFO:root:Not in ['03:42:31' '03:45:00']
INFO:root:Corr: 0.5659588575363159 Start: 126        Stop: 135       
INFO:root:['00:27:31' '00:30:00']
INFO:root:Peak: (97.9, 3.2e-01)
INFO:root:Not in ['03:55:01' '03:57:30']
INFO:root:Corr: 0.5971830487251282 Start: 64         Stop: 73        
INFO:root:['02:10:01' '02:12:30']
INFO:root:Corr: 0.986925482749939 Start: 59         Stop: 68        
INFO:root:['02:00:01' '02:02:30']
INFO:root:Corr: 0.9520381093025208 Start: 42         Stop: 51        
INFO:root:['02:22:31' '02:25:00']
INFO:root:Corr: 0.5003696084022522 Start: -3         Stop: 6         
INFO:root:['01:47:31' '01:50:00']
INFO:root:Corr: 0.6758311986923218 Start: 76         Stop: 85        
INFO:root:['02:35:01' '02:37:30']
INFO:root:Peak: (11.9, 3.9e-01)
INFO:root:Not in ['01:35:01' '01:37:30']
INFO:root:Peak: (95.6, 3.8e-01)
INFO:root:Not in ['02:47:31' '02:50:00']
INFO:root:Peak: (139.1, 3.8e-01)
INFO:root:Not in ['01:22:31' '01:25:00']
INFO:root:Corr: 0.5097741484642029 Start: 45         Stop: 54        
INFO:root:['03:00:01' '03:02:30']
INFO:root:Corr: 0.5369018316268921 Start: 72         Stop: 81        
INFO:root:['01:10:01' '01:12:30']
INFO:root:Corr: 0.7134808897972107 Start: 4          Stop: 13        
INFO:root:['03:12:31' '03:15:00']
INFO:root:Corr: 0.7247125506401062 Start: 102        Stop: 111       
INFO:root:['00:57:31' '01:00:00']
INFO:root:Peak: (95.4, 2.5e-01)
INFO:root:Not in ['03:25:01' '03:27:30']
INFO:root:Peak: (23.5, 4.0e-01)
INFO:root:Not in ['00:45:01' '00:47:30']
INFO:root:Corr: 0.5670729875564575 Start: 15         Stop: 24        
INFO:root:['03:37:31' '03:40:00']
INFO:root:Corr: 0.9067610502243042 Start: 120        Stop: 129       
INFO:root:['00:32:31' '00:35:00']
INFO:root:Peak: (47.3, 3.4e-01)
INFO:root:Not in ['03:50:01' '03:52:30']
INFO:root:Corr: 1.304184913635254 Start: 79         Stop: 88        
INFO:root:['00:20:01' '00:22:30']
INFO:root:Corr: 0.5456662178039551 Start: 48         Stop: 57        
INFO:root:['02:05:01' '02:07:30']
INFO:root:Peak: (19.2, 4.4e-01)
INFO:root:Not in ['02:17:31' '02:20:00']
INFO:root:Peak: (144.7, 3.7e-01)
INFO:root:Not in ['01:52:31' '01:55:00']
INFO:root:Peak: (95.0, 3.9e-01)
INFO:root:Not in ['02:30:01' '02:32:30']
INFO:root:Corr: 1.1117674112319946 Start: 139        Stop: 148       
INFO:root:['01:40:01' '01:42:30']
INFO:root:Corr: 0.5099557638168335 Start: 64         Stop: 73        
INFO:root:['02:42:31' '02:45:00']
INFO:root:Corr: 0.523995041847229 Start: 108        Stop: 117       
INFO:root:['01:27:31' '01:30:00']
INFO:root:Peak: (71.3, 2.9e-01)
INFO:root:Not in ['02:55:01' '02:57:30']
INFO:root:Corr: 0.9123808741569519 Start: 116        Stop: 125       
INFO:root:['01:15:01' '01:17:30']
INFO:root:Corr: 0.9489583373069763 Start: 110        Stop: 119       
INFO:root:['03:07:31' '03:10:00']
INFO:root:Peak: (135.1, 4.1e-01)
INFO:root:Not in ['01:02:31' '01:05:00']
INFO:root:Peak: (38.4, 4.6e-01)
INFO:root:Not in ['03:20:01' '03:22:30']
INFO:root:Corr: 0.6775535345077515 Start: 9          Stop: 18        
INFO:root:['00:50:01' '00:52:30']
INFO:root:Corr: 0.5138210654258728 Start: 116        Stop: 125       
INFO:root:['03:32:31' '03:35:00']
INFO:root:Corr: 0.6986182332038879 Start: 54         Stop: 63        
INFO:root:['00:37:31' '00:40:00']
INFO:root:[['00:16:01' '00:18:30']
 ['00:23:31' '00:26:00']
 ['00:01:01' '00:03:30']
 ['00:18:31' '00:21:00']
 ['00:08:31' '00:11:00']
 ['00:13:31' '00:16:00']
 ['00:26:01' '00:28:30']
 ['00:21:01' '00:23:30']
 ['00:06:01' '00:08:30']
 ['00:11:01' '00:13:30']
 ['00:03:31' '00:06:00']]
INFO:root:Comparing query and source audio...
INFO:root:Corr: 0.5892476439476013 Start: 122        Stop: 131       
INFO:root:['00:23:31' '00:26:00']
INFO:root:Corr: 0.6133997440338135 Start: 62         Stop: 71        
INFO:root:['00:01:01' '00:03:30']
INFO:root:Corr: 0.8959692120552063 Start: 33         Stop: 42        
INFO:root:['00:18:31' '00:21:00']
INFO:root:Corr: 0.8847708106040955 Start: 55         Stop: 64        
INFO:root:['00:08:31' '00:11:00']
INFO:root:Peak: (127.0, 4.5e-01)
INFO:root:Not in ['00:13:31' '00:16:00']
INFO:root:Corr: 0.726658821105957 Start: 4          Stop: 13        
INFO:root:['00:26:01' '00:28:30']
INFO:root:Corr: 1.0925285816192627 Start: 74         Stop: 83        
INFO:root:['00:21:01' '00:23:30']
INFO:root:Corr: 0.6880449056625366 Start: 75         Stop: 84        
INFO:root:['00:06:01' '00:08:30']
INFO:root:Corr: 0.5564054846763611 Start: 34         Stop: 43        
INFO:root:['00:11:01' '00:13:30']
INFO:root:Corr: 1.4728490114212036 Start: 82         Stop: 91        
INFO:root:['00:03:31' '00:06:00']
