INFO:root:[['00:17:31' '00:20:00']
 ['00:25:01' '00:27:30']
 ['00:20:01' '00:22:30']
 ['00:10:01' '00:12:30']
 ['00:15:01' '00:17:30']
 ['00:27:31' '00:30:00']
 ['00:22:31' '00:25:00']
 ['00:07:31' '00:10:00']
 ['00:12:31' '00:15:00']
 ['00:05:01' '00:07:30']]
INFO:root:Comparing query and source audio...
INFO:root:Corr: 1.450885534286499 Start: 29         Stop: 38        
INFO:root:['00:25:01' '00:27:30']
INFO:root:Corr: 1.4018791913986206 Start: 137        Stop: 146       
INFO:root:['00:20:01' '00:22:30']
INFO:root:Corr: 0.9528807401657104 Start: 28         Stop: 37        
INFO:root:['00:10:01' '00:12:30']
INFO:root:Corr: 0.5936204791069031 Start: 72         Stop: 81        
INFO:root:['00:15:01' '00:17:30']
INFO:root:Corr: 1.039155125617981 Start: 129        Stop: 138       
INFO:root:['00:27:31' '00:30:00']
INFO:root:Corr: 0.9448105692863464 Start: 51         Stop: 60        
INFO:root:['00:22:31' '00:25:00']
INFO:root:Corr: 1.0406162738800049 Start: 114        Stop: 123       
INFO:root:['00:07:31' '00:10:00']
INFO:root:Corr: 0.9509106278419495 Start: -3         Stop: 6         
INFO:root:['00:12:31' '00:15:00']
INFO:root:Corr: 1.1412010192871094 Start: 129        Stop: 138       
INFO:root:['00:05:01' '00:07:30']
