INFO:root:
        nbins: 28       binwidth:      150 start offset:     1800
        
INFO:root:[['01:05:01' '01:07:30']
 ['01:12:31' '01:15:00']
 ['00:52:31' '00:55:00']
 ['01:25:01' '01:27:30']
 ['00:40:01' '00:42:30']
 ['01:37:31' '01:40:00']
 ['01:07:31' '01:10:00']
 ['00:57:31' '01:00:00']
 ['01:20:01' '01:22:30']
 ['00:45:01' '00:47:30']
 ['01:32:31' '01:35:00']
 ['00:32:31' '00:35:00']
 ['01:02:31' '01:05:00']
 ['01:15:01' '01:17:30']
 ['00:50:01' '00:52:30']
 ['01:27:31' '01:30:00']
 ['00:37:31' '00:40:00']
 ['00:30:01' '00:32:30']
 ['01:10:01' '01:12:30']
 ['00:55:01' '00:57:30']
 ['01:22:31' '01:25:00']
 ['00:42:31' '00:45:00']
 ['01:35:01' '01:37:30']
 ['01:00:01' '01:02:30']
 ['01:17:31' '01:20:00']
 ['00:47:31' '00:50:00']
 ['01:30:01' '01:32:30']
 ['00:35:01' '00:37:30']]
INFO:root:KcGCu8GZYpE_1.m4a already exists.
Ignoring...
INFO:root:KcGCu8GZYpE_2.m4a already exists.
Ignoring...
INFO:root:KcGCu8GZYpE_3.m4a already exists.
Ignoring...
INFO:root:KcGCu8GZYpE_4.m4a already exists.
Ignoring...
INFO:root:KcGCu8GZYpE_5.m4a already exists.
Ignoring...
INFO:root:KcGCu8GZYpE_6.m4a already exists.
Ignoring...
INFO:root:KcGCu8GZYpE_7.m4a already exists.
Ignoring...
INFO:root:KcGCu8GZYpE_8.m4a already exists.
Ignoring...
INFO:root:KcGCu8GZYpE_9.m4a already exists.
Ignoring...
INFO:root:KcGCu8GZYpE_10.m4a already exists.
Ignoring...
INFO:root:KcGCu8GZYpE_11.m4a already exists.
Ignoring...
INFO:root:KcGCu8GZYpE_12.m4a already exists.
Ignoring...
INFO:root:KcGCu8GZYpE_13.m4a already exists.
Ignoring...
INFO:root:KcGCu8GZYpE_14.m4a already exists.
Ignoring...
INFO:root:KcGCu8GZYpE_15.m4a already exists.
Ignoring...
INFO:root:KcGCu8GZYpE_16.m4a already exists.
Ignoring...
INFO:root:KcGCu8GZYpE_17.m4a already exists.
Ignoring...
INFO:root:KcGCu8GZYpE_18.m4a already exists.
Ignoring...
INFO:root:KcGCu8GZYpE_19.m4a already exists.
Ignoring...
INFO:root:KcGCu8GZYpE_20.m4a already exists.
Ignoring...
INFO:root:KcGCu8GZYpE_21.m4a already exists.
Ignoring...
INFO:root:KcGCu8GZYpE_22.m4a already exists.
Ignoring...
INFO:root:KcGCu8GZYpE_23.m4a already exists.
Ignoring...
INFO:root:KcGCu8GZYpE_24.m4a already exists.
Ignoring...
INFO:root:KcGCu8GZYpE_25.m4a already exists.
Ignoring...
INFO:root:KcGCu8GZYpE_26.m4a already exists.
Ignoring...
INFO:root:KcGCu8GZYpE_27.m4a already exists.
Ignoring...
INFO:root:All bins already exist on the file system.
INFO:root:Comparing query and source audio...
INFO:root:Corr: 0.700774610042572 Start: 36         Stop: 45        
INFO:root:['01:12:31' '01:15:00']
INFO:root:Corr: 0.7810966968536377 Start: 67         Stop: 76        
INFO:root:['00:52:31' '00:55:00']
INFO:root:Corr: 0.5165823698043823 Start: 137        Stop: 146       
INFO:root:['01:25:01' '01:27:30']
INFO:root:Corr: 0.8201150894165039 Start: 121        Stop: 130       
INFO:root:['00:40:01' '00:42:30']
INFO:root:Corr: 0.5196838974952698 Start: 94         Stop: 103       
INFO:root:['01:37:31' '01:40:00']
INFO:root:Corr: 0.6646000742912292 Start: 105        Stop: 114       
INFO:root:['01:07:31' '01:10:00']
INFO:root:Peak: (128.0, 4.5e-01)
INFO:root:Not in ['00:57:31' '01:00:00']
INFO:root:Corr: 0.6266555786132812 Start: 122        Stop: 131       
INFO:root:['01:20:01' '01:22:30']
INFO:root:Corr: 0.520514190196991 Start: 68         Stop: 77        
INFO:root:['00:45:01' '00:47:30']
INFO:root:Corr: 0.5874897241592407 Start: 134        Stop: 143       
INFO:root:['01:32:31' '01:35:00']
INFO:root:Corr: 0.5445557236671448 Start: 126        Stop: 135       
INFO:root:['00:32:31' '00:35:00']
INFO:root:Corr: 2.0324509143829346 Start: 55         Stop: 64        
INFO:root:['01:02:31' '01:05:00']
INFO:root:Corr: 0.6637178063392639 Start: 60         Stop: 69        
INFO:root:['01:15:01' '01:17:30']
INFO:root:Corr: 0.6710928082466125 Start: 66         Stop: 75        
INFO:root:['00:50:01' '00:52:30']
INFO:root:Corr: 0.5944570302963257 Start: 94         Stop: 103       
INFO:root:['01:27:31' '01:30:00']
INFO:root:Corr: 0.7488672137260437 Start: 44         Stop: 53        
INFO:root:['00:37:31' '00:40:00']
INFO:root:Corr: 0.5567158460617065 Start: 84         Stop: 93        
INFO:root:['00:30:01' '00:32:30']
INFO:root:Peak: (147.2, 4.8e-01)
INFO:root:Not in ['01:10:01' '01:12:30']
INFO:root:Peak: (55.4, 4.0e-01)
INFO:root:Not in ['00:55:01' '00:57:30']
INFO:root:Corr: 0.7565360069274902 Start: 27         Stop: 36        
INFO:root:['01:22:31' '01:25:00']
INFO:root:Peak: (54.4, 4.8e-01)
INFO:root:Not in ['00:42:31' '00:45:00']
INFO:root:Peak: (137.9, 4.1e-01)
INFO:root:Not in ['01:35:01' '01:37:30']
INFO:root:Peak: (90.8, 4.6e-01)
INFO:root:Not in ['01:00:01' '01:02:30']
INFO:root:Peak: (132.1, 3.9e-01)
INFO:root:Not in ['01:17:31' '01:20:00']
INFO:root:Corr: 0.5486326813697815 Start: 25         Stop: 34        
INFO:root:['00:47:31' '00:50:00']
INFO:root:Peak: (95.5, 3.8e-01)
INFO:root:Not in ['01:30:01' '01:32:30']
INFO:root:Peak: (68.7, 4.6e-01)
INFO:root:Not in ['00:35:01' '00:37:30']