INFO:root:
        nbins: 28       binwidth:      150 start offset:     1800
        
INFO:root:[['01:05:01' '01:07:30']
 ['01:12:31' '01:15:00']
 ['00:52:31' '00:55:00']
 ['01:25:01' '01:27:30']
 ['00:40:01' '00:42:30']
 ['01:37:31' '01:40:00']
 ['01:07:31' '01:10:00']
 ['00:57:31' '01:00:00']
 ['01:20:01' '01:22:30']
 ['00:45:01' '00:47:30']
 ['01:32:31' '01:35:00']
 ['00:32:31' '00:35:00']
 ['01:02:31' '01:05:00']
 ['01:15:01' '01:17:30']
 ['00:50:01' '00:52:30']
 ['01:27:31' '01:30:00']
 ['00:37:31' '00:40:00']
 ['00:30:01' '00:32:30']
 ['01:10:01' '01:12:30']
 ['00:55:01' '00:57:30']
 ['01:22:31' '01:25:00']
 ['00:42:31' '00:45:00']
 ['01:35:01' '01:37:30']
 ['01:00:01' '01:02:30']
 ['01:17:31' '01:20:00']
 ['00:47:31' '00:50:00']
 ['01:30:01' '01:32:30']
 ['00:35:01' '00:37:30']]
INFO:root:Comparing query and source audio...
INFO:root:Corr: 0.5688483119010925 Start: 36         Stop: 43        
INFO:root:['01:12:31' '01:15:00']
INFO:root:Corr: 0.5712430477142334 Start: 61         Stop: 68        
INFO:root:['00:52:31' '00:55:00']
INFO:root:Peak: (145.7, 3.7e-01)
INFO:root:Not in ['01:25:01' '01:27:30']
INFO:root:Corr: 0.6129436492919922 Start: 114        Stop: 121       
INFO:root:['00:40:01' '00:42:30']
INFO:root:Peak: (9.7, 3.6e-01)
INFO:root:Not in ['01:37:31' '01:40:00']
INFO:root:Corr: 0.621830940246582 Start: 103        Stop: 110       
INFO:root:['01:07:31' '01:10:00']
INFO:root:Corr: 0.5033547878265381 Start: 113        Stop: 120       
INFO:root:['00:57:31' '01:00:00']
INFO:root:Peak: (24.8, 4.8e-01)
INFO:root:Not in ['01:20:01' '01:22:30']
INFO:root:Corr: 0.5293670892715454 Start: 107        Stop: 114       
INFO:root:['00:45:01' '00:47:30']
INFO:root:Peak: (72.0, 3.8e-01)
INFO:root:Not in ['01:32:31' '01:35:00']
INFO:root:Peak: (7.9, 4.4e-01)
INFO:root:Not in ['00:32:31' '00:35:00']
INFO:root:Corr: 0.5399829745292664 Start: 63         Stop: 70        
INFO:root:['01:02:31' '01:05:00']
INFO:root:Peak: (9.3, 4.2e-01)
INFO:root:Not in ['01:15:01' '01:17:30']
INFO:root:Corr: 0.5088384747505188 Start: 60         Stop: 67        
INFO:root:['00:50:01' '00:52:30']
INFO:root:Corr: 0.5430771112442017 Start: 92         Stop: 99        
INFO:root:['01:27:31' '01:30:00']
INFO:root:Corr: 0.6022127270698547 Start: 42         Stop: 49        
INFO:root:['00:37:31' '00:40:00']
INFO:root:Corr: 0.5677444338798523 Start: 65         Stop: 72        
INFO:root:['00:30:01' '00:32:30']
INFO:root:Peak: (139.6, 4.0e-01)
INFO:root:Not in ['01:10:01' '01:12:30']
INFO:root:Peak: (31.9, 3.4e-01)
INFO:root:Not in ['00:55:01' '00:57:30']
INFO:root:Corr: 0.5694044232368469 Start: 5          Stop: 12        
INFO:root:['01:22:31' '01:25:00']
INFO:root:Peak: (50.5, 4.7e-01)
INFO:root:Not in ['00:42:31' '00:45:00']
INFO:root:Peak: (144.7, 4.9e-01)
INFO:root:Not in ['01:35:01' '01:37:30']
INFO:root:Peak: (111.5, 3.5e-01)
INFO:root:Not in ['01:00:01' '01:02:30']
INFO:root:Peak: (123.8, 3.5e-01)
INFO:root:Not in ['01:17:31' '01:20:00']
INFO:root:Peak: (29.5, 4.6e-01)
INFO:root:Not in ['00:47:31' '00:50:00']
INFO:root:Peak: (74.2, 2.9e-01)
INFO:root:Not in ['01:30:01' '01:32:30']
INFO:root:Corr: 1.1054102182388306 Start: 130        Stop: 137       
INFO:root:['00:35:01' '00:37:30']
