INFO:root:
        nbins: 39       binwidth:      150 start offset:      300
        
INFO:root:[['00:55:01' '00:57:30']
 ['01:02:31' '01:05:00']
 ['00:42:31' '00:45:00']
 ['01:15:01' '01:17:30']
 ['00:30:01' '00:32:30']
 ['01:27:31' '01:30:00']
 ['00:17:31' '00:20:00']
 ['01:40:01' '01:42:30']
 ['00:57:31' '01:00:00']
 ['00:47:31' '00:50:00']
 ['01:10:01' '01:12:30']
 ['00:35:01' '00:37:30']
 ['01:22:31' '01:25:00']
 ['00:22:31' '00:25:00']
 ['01:35:01' '01:37:30']
 ['00:10:01' '00:12:30']
 ['00:52:31' '00:55:00']
 ['01:05:01' '01:07:30']
 ['00:40:01' '00:42:30']
 ['01:17:31' '01:20:00']
 ['00:27:31' '00:30:00']
 ['01:30:01' '01:32:30']
 ['00:15:01' '00:17:30']
 ['00:07:31' '00:10:00']
 ['01:00:01' '01:02:30']
 ['00:45:01' '00:47:30']
 ['01:12:31' '01:15:00']
 ['00:32:31' '00:35:00']
 ['01:25:01' '01:27:30']
 ['00:20:01' '00:22:30']
 ['01:37:31' '01:40:00']
 ['00:05:01' '00:07:30']
 ['00:50:01' '00:52:30']
 ['01:07:31' '01:10:00']
 ['00:37:31' '00:40:00']
 ['01:20:01' '01:22:30']
 ['00:25:01' '00:27:30']
 ['01:32:31' '01:35:00']
 ['00:12:31' '00:15:00']]
INFO:root:Comparing query and source audio...
INFO:root:Corr: 0.9501367211341858 Start: 83         Stop: 92        
INFO:root:['01:02:31' '01:05:00']
INFO:root:Corr: 0.819913387298584 Start: 47         Stop: 56        
INFO:root:['00:42:31' '00:45:00']
INFO:root:Corr: 0.9650073647499084 Start: 3          Stop: 12        
INFO:root:['01:15:01' '01:17:30']
INFO:root:Corr: 0.883734405040741 Start: 99         Stop: 108       
INFO:root:['00:30:01' '00:32:30']
INFO:root:Corr: 0.7486648559570312 Start: 90         Stop: 99        
INFO:root:['01:27:31' '01:30:00']
INFO:root:Corr: 0.7555167078971863 Start: 0          Stop: 9         
INFO:root:['00:17:31' '00:20:00']
INFO:root:Corr: 0.6806777715682983 Start: 14         Stop: 23        
INFO:root:['01:40:01' '01:42:30']
INFO:root:Corr: 0.6415858864784241 Start: 140        Stop: 149       
INFO:root:['00:57:31' '01:00:00']
INFO:root:Corr: 0.9093385338783264 Start: 22         Stop: 31        
INFO:root:['00:47:31' '00:50:00']
INFO:root:Corr: 0.6077632308006287 Start: 131        Stop: 140       
INFO:root:['01:10:01' '01:12:30']
INFO:root:Corr: 0.5509278774261475 Start: 14         Stop: 23        
INFO:root:['00:35:01' '00:37:30']
INFO:root:Corr: 0.9929040670394897 Start: 1          Stop: 10        
INFO:root:['01:22:31' '01:25:00']
INFO:root:Corr: 0.7633864283561707 Start: 84         Stop: 93        
INFO:root:['00:22:31' '00:25:00']
INFO:root:Corr: 0.6114877462387085 Start: 128        Stop: 137       
INFO:root:['01:35:01' '01:37:30']
INFO:root:Corr: 0.9508110880851746 Start: 37         Stop: 46        
INFO:root:['00:10:01' '00:12:30']
INFO:root:Corr: 0.9308372735977173 Start: 62         Stop: 71        
INFO:root:['00:52:31' '00:55:00']
INFO:root:Corr: 0.8210962414741516 Start: 66         Stop: 75        
INFO:root:['01:05:01' '01:07:30']
INFO:root:Corr: 4.511858940124512 Start: 82         Stop: 91        
INFO:root:['00:40:01' '00:42:30']
INFO:root:Corr: 0.5040431618690491 Start: 1          Stop: 10        
INFO:root:['01:17:31' '01:20:00']
INFO:root:Corr: 0.7531660199165344 Start: 20         Stop: 29        
INFO:root:['00:27:31' '00:30:00']
INFO:root:Corr: 0.5150710344314575 Start: 67         Stop: 76        
INFO:root:['01:30:01' '01:32:30']
INFO:root:Corr: 0.9773125052452087 Start: 141        Stop: 150       
INFO:root:['00:15:01' '00:17:30']
INFO:root:Corr: 0.6705130338668823 Start: 27         Stop: 36        
INFO:root:['00:07:31' '00:10:00']
INFO:root:Corr: 0.6670079231262207 Start: 80         Stop: 89        
INFO:root:['01:00:01' '01:02:30']
INFO:root:Corr: 0.7188732624053955 Start: -1         Stop: 8         
INFO:root:['00:45:01' '00:47:30']
INFO:root:Corr: 0.8874830007553101 Start: 35         Stop: 44        
INFO:root:['01:12:31' '01:15:00']
INFO:root:Corr: 0.8062576651573181 Start: 57         Stop: 66        
INFO:root:['00:32:31' '00:35:00']
INFO:root:Corr: 0.6269128918647766 Start: 45         Stop: 54        
INFO:root:['01:25:01' '01:27:30']
INFO:root:Corr: 0.784248411655426 Start: 49         Stop: 58        
INFO:root:['00:20:01' '00:22:30']
INFO:root:Corr: 0.596055269241333 Start: 4          Stop: 13        
INFO:root:['01:37:31' '01:40:00']
INFO:root:Corr: 0.7452126145362854 Start: 94         Stop: 103       
INFO:root:['00:05:01' '00:07:30']
INFO:root:Corr: 0.9898774027824402 Start: 60         Stop: 69        
INFO:root:['00:50:01' '00:52:30']
INFO:root:Corr: 0.8150912523269653 Start: 96         Stop: 105       
INFO:root:['01:07:31' '01:10:00']
INFO:root:Corr: 1.1092737913131714 Start: 50         Stop: 59        
INFO:root:['00:37:31' '00:40:00']
INFO:root:Corr: 1.0410645008087158 Start: 21         Stop: 30        
INFO:root:['01:20:01' '01:22:30']
INFO:root:Corr: 0.5714066028594971 Start: 102        Stop: 111       
INFO:root:['00:25:01' '00:27:30']
INFO:root:Corr: 0.5947855710983276 Start: 129        Stop: 138       
INFO:root:['01:32:31' '01:35:00']
INFO:root:Corr: 0.6384722590446472 Start: 131        Stop: 140       
INFO:root:['00:12:31' '00:15:00']
INFO:root:
        nbins: 39       binwidth:      150 start offset:      300
        
INFO:root:[['00:55:01' '00:57:30']
 ['01:02:31' '01:05:00']
 ['00:42:31' '00:45:00']
 ['01:15:01' '01:17:30']
 ['00:30:01' '00:32:30']
 ['01:27:31' '01:30:00']
 ['00:17:31' '00:20:00']
 ['01:40:01' '01:42:30']
 ['00:57:31' '01:00:00']
 ['00:47:31' '00:50:00']
 ['01:10:01' '01:12:30']
 ['00:35:01' '00:37:30']
 ['01:22:31' '01:25:00']
 ['00:22:31' '00:25:00']
 ['01:35:01' '01:37:30']
 ['00:10:01' '00:12:30']
 ['00:52:31' '00:55:00']
 ['01:05:01' '01:07:30']
 ['00:40:01' '00:42:30']
 ['01:17:31' '01:20:00']
 ['00:27:31' '00:30:00']
 ['01:30:01' '01:32:30']
 ['00:15:01' '00:17:30']
 ['00:07:31' '00:10:00']
 ['01:00:01' '01:02:30']
 ['00:45:01' '00:47:30']
 ['01:12:31' '01:15:00']
 ['00:32:31' '00:35:00']
 ['01:25:01' '01:27:30']
 ['00:20:01' '00:22:30']
 ['01:37:31' '01:40:00']
 ['00:05:01' '00:07:30']
 ['00:50:01' '00:52:30']
 ['01:07:31' '01:10:00']
 ['00:37:31' '00:40:00']
 ['01:20:01' '01:22:30']
 ['00:25:01' '00:27:30']
 ['01:32:31' '01:35:00']
 ['00:12:31' '00:15:00']]
