INFO:root:
        nbins: 19       binwidth:      150 start offset:      480
        
INFO:root:[['00:33:01' '00:35:30']
 ['00:40:31' '00:43:00']
 ['00:20:31' '00:23:00']
 ['00:53:01' '00:55:30']
 ['00:35:31' '00:38:00']
 ['00:25:31' '00:28:00']
 ['00:48:01' '00:50:30']
 ['00:13:01' '00:15:30']
 ['00:30:31' '00:33:00']
 ['00:43:01' '00:45:30']
 ['00:18:01' '00:20:30']
 ['00:10:31' '00:13:00']
 ['00:38:01' '00:40:30']
 ['00:23:01' '00:25:30']
 ['00:50:31' '00:53:00']
 ['00:08:01' '00:10:30']
 ['00:28:01' '00:30:30']
 ['00:45:31' '00:48:00']
 ['00:15:31' '00:18:00']]
INFO:root:Comparing query and source audio...
INFO:root:Corr: 3.4462568759918213 Start: 137        Stop: 147       
INFO:root:['00:40:31' '00:43:00']
INFO:root:Corr: 2.0006632804870605 Start: 60         Stop: 70        
INFO:root:['00:20:31' '00:23:00']
INFO:root:Corr: 1.290071964263916 Start: 133        Stop: 143       
INFO:root:['00:53:01' '00:55:30']
INFO:root:Corr: 3.412961721420288 Start: 5          Stop: 15        
INFO:root:['00:35:31' '00:38:00']
INFO:root:Corr: 3.5301475524902344 Start: 12         Stop: 22        
INFO:root:['00:25:31' '00:28:00']
INFO:root:Corr: 2.5044541358947754 Start: 6          Stop: 16        
INFO:root:['00:48:01' '00:50:30']
INFO:root:Corr: 2.8877789974212646 Start: 48         Stop: 58        
INFO:root:['00:13:01' '00:15:30']
INFO:root:Corr: 3.088472604751587 Start: 137        Stop: 147       
INFO:root:['00:30:31' '00:33:00']
INFO:root:Corr: 2.604114294052124 Start: 42         Stop: 52        
INFO:root:['00:43:01' '00:45:30']
INFO:root:Corr: 1.6380373239517212 Start: 46         Stop: 56        
INFO:root:['00:18:01' '00:20:30']
INFO:root:Corr: 0.9462012648582458 Start: 129        Stop: 139       
INFO:root:['00:10:31' '00:13:00']
INFO:root:Corr: 1.036500334739685 Start: 89         Stop: 99        
INFO:root:['00:38:01' '00:40:30']
INFO:root:Corr: 1.3650946617126465 Start: 47         Stop: 57        
INFO:root:['00:23:01' '00:25:30']
INFO:root:Corr: 4.156607151031494 Start: 146        Stop: 156       
INFO:root:['00:50:31' '00:53:00']
INFO:root:Corr: 1.4613374471664429 Start: 128        Stop: 138       
INFO:root:['00:08:01' '00:10:30']
INFO:root:Corr: 1.7202363014221191 Start: 143        Stop: 153       
INFO:root:['00:28:01' '00:30:30']
INFO:root:Corr: 2.6254162788391113 Start: 131        Stop: 141       
INFO:root:['00:45:31' '00:48:00']
INFO:root:Corr: 1.5703599452972412 Start: 67         Stop: 77        
INFO:root:['00:15:31' '00:18:00']
